# JRE version: Java(TM) SE Runtime Environment (8.0_211-b12) (build 1.8.0_211-b12)
# Java VM: Java HotSpot(TM) 64-Bit Server VM (25.211-b12 mixed mode windows-amd64 compressed oops)
Heap:
 PSYoungGen      total 1081856K, used 705284K [0x000000076ab00000, 0x00000007c0000000, 0x00000007c0000000)
  eden space 765952K, 50% used [0x000000076ab00000,0x0000000782742d38,0x0000000799700000)
  from space 315904K, 99% used [0x0000000799700000,0x00000007acb7e618,0x00000007acb80000)
  to   space 315904K, 0% used [0x00000007acb80000,0x00000007acb80000,0x00000007c0000000)
 ParOldGen       total 2796544K, used 464459K [0x00000006c0000000, 0x000000076ab00000, 0x000000076ab00000)
  object space 2796544K, 16% used [0x00000006c0000000,0x00000006dc592ea0,0x000000076ab00000)
 Metaspace       used 142694K, capacity 156002K, committed 156248K, reserved 1183744K
  class space    used 18779K, capacity 22600K, committed 22656K, reserved 1048576K
GC Heap History (10 events):
Event: 63.172 GC heap before
{Heap before GC invocations=11 (full 4):
 PSYoungGen      total 851456K, used 775853K [0x000000076ab00000, 0x00000007a6080000, 0x00000007c0000000)
  eden space 752640K, 100% used [0x000000076ab00000,0x0000000798a00000,0x0000000798a00000)
  from space 98816K, 23% used [0x000000079e700000,0x000000079fdab478,0x00000007a4780000)
  to   space 95232K, 0% used [0x0000000798a00000,0x0000000798a00000,0x000000079e700000)
 ParOldGen       total 2796544K, used 114347K [0x00000006c0000000, 0x000000076ab00000, 0x000000076ab00000)
  object space 2796544K, 4% used [0x00000006c0000000,0x00000006c6faae78,0x000000076ab00000)
 Metaspace       used 116766K, capacity 128702K, committed 128728K, reserved 1159168K
  class space    used 15878K, capacity 19453K, committed 19456K, reserved 1048576K
Event: 63.520 GC heap after
Heap after GC invocations=11 (full 4):
 PSYoungGen      total 847872K, used 82807K [0x000000076ab00000, 0x00000007b3600000, 0x00000007c0000000)
  eden space 752640K, 0% used [0x000000076ab00000,0x000000076ab00000,0x0000000798a00000)
  from space 95232K, 86% used [0x0000000798a00000,0x000000079dadde00,0x000000079e700000)
  to   space 108544K, 0% used [0x00000007acc00000,0x00000007acc00000,0x00000007b3600000)
 ParOldGen       total 2796544K, used 114355K [0x00000006c0000000, 0x000000076ab00000, 0x000000076ab00000)
  object space 2796544K, 4% used [0x00000006c0000000,0x00000006c6face78,0x000000076ab00000)
 Metaspace       used 116766K, capacity 128702K, committed 128728K, reserved 1159168K
  class space    used 15878K, capacity 19453K, committed 19456K, reserved 1048576K
}
Event: 69.752 GC heap before
{Heap before GC invocations=12 (full 4):
 PSYoungGen      total 847872K, used 835447K [0x000000076ab00000, 0x00000007b3600000, 0x00000007c0000000)
  eden space 752640K, 100% used [0x000000076ab00000,0x0000000798a00000,0x0000000798a00000)
  from space 95232K, 86% used [0x0000000798a00000,0x000000079dadde00,0x000000079e700000)
  to   space 108544K, 0% used [0x00000007acc00000,0x00000007acc00000,0x00000007b3600000)
 ParOldGen       total 2796544K, used 116738K [0x00000006c0000000, 0x000000076ab00000, 0x000000076ab00000)
  object space 2796544K, 4% used [0x00000006c0000000,0x00000006c7200900,0x000000076ab00000)
 Metaspace       used 122391K, capacity 134944K, committed 135128K, reserved 1163264K
  class space    used 16574K, capacity 20389K, committed 20480K, reserved 1048576K
Event: 71.087 GC heap after
Heap after GC invocations=12 (full 4):
 PSYoungGen      total 992256K, used 108536K [0x000000076ab00000, 0x00000007c0000000, 0x00000007c0000000)
  eden space 883712K, 0% used [0x000000076ab00000,0x000000076ab00000,0x00000007a0a00000)
  from space 108544K, 99% used [0x00000007acc00000,0x00000007b35fe190,0x00000007b3600000)
  to   space 198656K, 0% used [0x00000007a0a00000,0x00000007a0a00000,0x00000007acc00000)
 ParOldGen       total 2796544K, used 277783K [0x00000006c0000000, 0x000000076ab00000, 0x000000076ab00000)
  object space 2796544K, 9% used [0x00000006c0000000,0x00000006d0f45e60,0x000000076ab00000)
 Metaspace       used 122391K, capacity 134944K, committed 135128K, reserved 1163264K
  class space    used 16574K, capacity 20389K, committed 20480K, reserved 1048576K
}
Event: 77.100 GC heap before
{Heap before GC invocations=13 (full 4):
 PSYoungGen      total 992256K, used 992248K [0x000000076ab00000, 0x00000007c0000000, 0x00000007c0000000)
  eden space 883712K, 100% used [0x000000076ab00000,0x00000007a0a00000,0x00000007a0a00000)
  from space 108544K, 99% used [0x00000007acc00000,0x00000007b35fe190,0x00000007b3600000)
  to   space 198656K, 0% used [0x00000007a0a00000,0x00000007a0a00000,0x00000007acc00000)
 ParOldGen       total 2796544K, used 277786K [0x00000006c0000000, 0x000000076ab00000, 0x000000076ab00000)
  object space 2796544K, 9% used [0x00000006c0000000,0x00000006d0f469b8,0x000000076ab00000)
 Metaspace       used 123156K, capacity 135648K, committed 135896K, reserved 1165312K
  class space    used 16693K, capacity 20453K, committed 20480K, reserved 1048576K
Event: 78.964 GC heap after
Heap after GC invocations=13 (full 4):
 PSYoungGen      total 1082368K, used 198637K [0x000000076ab00000, 0x00000007c0000000, 0x00000007c0000000)
  eden space 883712K, 0% used [0x000000076ab00000,0x000000076ab00000,0x00000007a0a00000)
  from space 198656K, 99% used [0x00000007a0a00000,0x00000007acbfb500,0x00000007acc00000)
  to   space 275456K, 0% used [0x00000007af300000,0x00000007af300000,0x00000007c0000000)
 ParOldGen       total 2796544K, used 376786K [0x00000006c0000000, 0x000000076ab00000, 0x000000076ab00000)
  object space 2796544K, 13% used [0x00000006c0000000,0x00000006d6ff4b08,0x000000076ab00000)
 Metaspace       used 123156K, capacity 135648K, committed 135896K, reserved 1165312K
  class space    used 16693K, capacity 20453K, committed 20480K, reserved 1048576K
}
Event: 89.960 GC heap before
{Heap before GC invocations=14 (full 4):
 PSYoungGen      total 1082368K, used 1082349K [0x000000076ab00000, 0x00000007c0000000, 0x00000007c0000000)
  eden space 883712K, 100% used [0x000000076ab00000,0x00000007a0a00000,0x00000007a0a00000)
  from space 198656K, 99% used [0x00000007a0a00000,0x00000007acbfb500,0x00000007acc00000)
  to   space 275456K, 0% used [0x00000007af300000,0x00000007af300000,0x00000007c0000000)
 ParOldGen       total 2796544K, used 376786K [0x00000006c0000000, 0x000000076ab00000, 0x000000076ab00000)
  object space 2796544K, 13% used [0x00000006c0000000,0x00000006d6ff4b08,0x000000076ab00000)
 Metaspace       used 126237K, capacity 138896K, committed 139224K, reserved 1167360K
  class space    used 17065K, capacity 20896K, committed 20992K, reserved 1048576K
Event: 92.155 GC heap after
Heap after GC invocations=14 (full 4):
 PSYoungGen      total 1041408K, used 255174K [0x000000076ab00000, 0x00000007c0000000, 0x00000007c0000000)
  eden space 765952K, 0% used [0x000000076ab00000,0x000000076ab00000,0x0000000799700000)
  from space 275456K, 92% used [0x00000007af300000,0x00000007bec31938,0x00000007c0000000)
  to   space 315904K, 0% used [0x0000000799700000,0x0000000799700000,0x00000007acb80000)
 ParOldGen       total 2796544K, used 376794K [0x00000006c0000000, 0x000000076ab00000, 0x000000076ab00000)
  object space 2796544K, 13% used [0x00000006c0000000,0x00000006d6ff6b08,0x000000076ab00000)
 Metaspace       used 126237K, capacity 138896K, committed 139224K, reserved 1167360K
  class space    used 17065K, capacity 20896K, committed 20992K, reserved 1048576K
}
Event: 115.004 GC heap before
{Heap before GC invocations=15 (full 4):
 PSYoungGen      total 1041408K, used 1021126K [0x000000076ab00000, 0x00000007c0000000, 0x00000007c0000000)
  eden space 765952K, 100% used [0x000000076ab00000,0x0000000799700000,0x0000000799700000)
  from space 275456K, 92% used [0x00000007af300000,0x00000007bec31938,0x00000007c0000000)
  to   space 315904K, 0% used [0x0000000799700000,0x0000000799700000,0x00000007acb80000)
 ParOldGen       total 2796544K, used 376794K [0x00000006c0000000, 0x000000076ab00000, 0x000000076ab00000)
  object space 2796544K, 13% used [0x00000006c0000000,0x00000006d6ff6b08,0x000000076ab00000)
 Metaspace       used 137234K, capacity 150466K, committed 150744K, reserved 1177600K
  class space    used 18350K, capacity 22212K, committed 22272K, reserved 1048576K
Event: 119.834 GC heap after
Heap after GC invocations=15 (full 4):
 PSYoungGen      total 1081856K, used 315897K [0x000000076ab00000, 0x00000007c0000000, 0x00000007c0000000)
  eden space 765952K, 0% used [0x000000076ab00000,0x000000076ab00000,0x0000000799700000)
  from space 315904K, 99% used [0x0000000799700000,0x00000007acb7e618,0x00000007acb80000)
  to   space 315904K, 0% used [0x00000007acb80000,0x00000007acb80000,0x00000007c0000000)
 ParOldGen       total 2796544K, used 464459K [0x00000006c0000000, 0x000000076ab00000, 0x000000076ab00000)
  object space 2796544K, 16% used [0x00000006c0000000,0x00000006dc592ea0,0x000000076ab00000)
 Metaspace       used 137234K, capacity 150466K, committed 150744K, reserved 1177600K
  class space    used 18350K, capacity 22212K, committed 22272K, reserved 1048576K
}

