# JRE version: Java(TM) SE Runtime Environment (8.0_211-b12) (build 1.8.0_211-b12)
# Java VM: Java HotSpot(TM) 64-Bit Server VM (25.211-b12 mixed mode windows-amd64 compressed oops)
Heap:
 PSYoungGen      total 994304K, used 322141K [0x000000076ab00000, 0x00000007be900000, 0x00000007c0000000)
  eden space 638976K, 39% used [0x000000076ab00000,0x000000077a2a79b8,0x0000000791b00000)
  from space 355328K, 19% used [0x00000007a8e00000,0x00000007ad0efac0,0x00000007be900000)
  to   space 367616K, 0% used [0x0000000791b00000,0x0000000791b00000,0x00000007a8200000)
 ParOldGen       total 2796544K, used 348977K [0x00000006c0000000, 0x000000076ab00000, 0x000000076ab00000)
  object space 2796544K, 12% used [0x00000006c0000000,0x00000006d54cc558,0x000000076ab00000)
 Metaspace       used 176741K, capacity 189832K, committed 190272K, reserved 1214464K
  class space    used 21506K, capacity 25358K, committed 25432K, reserved 1048576K
GC Heap History (10 events):
Event: 154.167 GC heap before
{Heap before GC invocations=13 (full 4):
 PSYoungGen      total 1205760K, used 1205738K [0x000000076ab00000, 0x00000007c0000000, 0x00000007c0000000)
  eden space 1080320K, 100% used [0x000000076ab00000,0x00000007aca00000,0x00000007aca00000)
  from space 125440K, 99% used [0x00000007b8580000,0x00000007bfffaad0,0x00000007c0000000)
  to   space 158720K, 0% used [0x00000007aca00000,0x00000007aca00000,0x00000007b6500000)
 ParOldGen       total 2796544K, used 165601K [0x00000006c0000000, 0x000000076ab00000, 0x000000076ab00000)
  object space 2796544K, 5% used [0x00000006c0000000,0x00000006ca1b85a8,0x000000076ab00000)
 Metaspace       used 125436K, capacity 137828K, committed 137944K, reserved 1165312K
  class space    used 17381K, capacity 21119K, committed 21208K, reserved 1048576K
Event: 165.565 GC heap after
Heap after GC invocations=13 (full 4):
 PSYoungGen      total 1239040K, used 158697K [0x000000076ab00000, 0x00000007c0000000, 0x00000007c0000000)
  eden space 1080320K, 0% used [0x000000076ab00000,0x000000076ab00000,0x00000007aca00000)
  from space 158720K, 99% used [0x00000007aca00000,0x00000007b64fa5a0,0x00000007b6500000)
  to   space 158720K, 0% used [0x00000007b6500000,0x00000007b6500000,0x00000007c0000000)
 ParOldGen       total 2796544K, used 432920K [0x00000006c0000000, 0x000000076ab00000, 0x000000076ab00000)
  object space 2796544K, 15% used [0x00000006c0000000,0x00000006da6c60b0,0x000000076ab00000)
 Metaspace       used 125436K, capacity 137828K, committed 137944K, reserved 1165312K
  class space    used 17381K, capacity 21119K, committed 21208K, reserved 1048576K
}
Event: 195.782 GC heap before
{Heap before GC invocations=14 (full 4):
 PSYoungGen      total 1239040K, used 1239017K [0x000000076ab00000, 0x00000007c0000000, 0x00000007c0000000)
  eden space 1080320K, 100% used [0x000000076ab00000,0x00000007aca00000,0x00000007aca00000)
  from space 158720K, 99% used [0x00000007aca00000,0x00000007b64fa5a0,0x00000007b6500000)
  to   space 158720K, 0% used [0x00000007b6500000,0x00000007b6500000,0x00000007c0000000)
 ParOldGen       total 2796544K, used 432920K [0x00000006c0000000, 0x000000076ab00000, 0x000000076ab00000)
  object space 2796544K, 15% used [0x00000006c0000000,0x00000006da6c60b0,0x000000076ab00000)
 Metaspace       used 139521K, capacity 152476K, committed 152536K, reserved 1179648K
  class space    used 19068K, capacity 22947K, committed 23000K, reserved 1048576K
Event: 206.234 GC heap after
Heap after GC invocations=14 (full 4):
 PSYoungGen      total 796672K, used 158703K [0x000000076ab00000, 0x00000007c0000000, 0x00000007c0000000)
  eden space 637952K, 0% used [0x000000076ab00000,0x000000076ab00000,0x0000000791a00000)
  from space 158720K, 99% used [0x00000007b6500000,0x00000007bfffbeb0,0x00000007c0000000)
  to   space 379904K, 0% used [0x0000000791a00000,0x0000000791a00000,0x00000007a8d00000)
 ParOldGen       total 2796544K, used 664440K [0x00000006c0000000, 0x000000076ab00000, 0x000000076ab00000)
  object space 2796544K, 23% used [0x00000006c0000000,0x00000006e88de2f8,0x000000076ab00000)
 Metaspace       used 139521K, capacity 152476K, committed 152536K, reserved 1179648K
  class space    used 19068K, capacity 22947K, committed 23000K, reserved 1048576K
}
Event: 254.928 GC heap before
{Heap before GC invocations=15 (full 4):
 PSYoungGen      total 796672K, used 428655K [0x000000076ab00000, 0x00000007c0000000, 0x00000007c0000000)
  eden space 637952K, 42% used [0x000000076ab00000,0x000000077b29ff08,0x0000000791a00000)
  from space 158720K, 99% used [0x00000007b6500000,0x00000007bfffbeb0,0x00000007c0000000)
  to   space 379904K, 0% used [0x0000000791a00000,0x0000000791a00000,0x00000007a8d00000)
 ParOldGen       total 2796544K, used 664440K [0x00000006c0000000, 0x000000076ab00000, 0x000000076ab00000)
  object space 2796544K, 23% used [0x00000006c0000000,0x00000006e88de2f8,0x000000076ab00000)
 Metaspace       used 150526K, capacity 163662K, committed 163776K, reserved 1189888K
  class space    used 20137K, capacity 23981K, committed 24024K, reserved 1048576K
Event: 264.381 GC heap after
Heap after GC invocations=15 (full 4):
 PSYoungGen      total 1017856K, used 198444K [0x000000076ab00000, 0x00000007c0000000, 0x00000007c0000000)
  eden space 637952K, 0% used [0x000000076ab00000,0x000000076ab00000,0x0000000791a00000)
  from space 379904K, 52% used [0x0000000791a00000,0x000000079dbcb308,0x00000007a8d00000)
  to   space 378880K, 0% used [0x00000007a8e00000,0x00000007a8e00000,0x00000007c0000000)
 ParOldGen       total 2796544K, used 686056K [0x00000006c0000000, 0x000000076ab00000, 0x000000076ab00000)
  object space 2796544K, 24% used [0x00000006c0000000,0x00000006e9dfa328,0x000000076ab00000)
 Metaspace       used 150526K, capacity 163662K, committed 163776K, reserved 1189888K
  class space    used 20137K, capacity 23981K, committed 24024K, reserved 1048576K
}
Event: 264.384 GC heap before
{Heap before GC invocations=16 (full 5):
 PSYoungGen      total 1017856K, used 198444K [0x000000076ab00000, 0x00000007c0000000, 0x00000007c0000000)
  eden space 637952K, 0% used [0x000000076ab00000,0x000000076ab00000,0x0000000791a00000)
  from space 379904K, 52% used [0x0000000791a00000,0x000000079dbcb308,0x00000007a8d00000)
  to   space 378880K, 0% used [0x00000007a8e00000,0x00000007a8e00000,0x00000007c0000000)
 ParOldGen       total 2796544K, used 686056K [0x00000006c0000000, 0x000000076ab00000, 0x000000076ab00000)
  object space 2796544K, 24% used [0x00000006c0000000,0x00000006e9dfa328,0x000000076ab00000)
 Metaspace       used 150526K, capacity 163662K, committed 163776K, reserved 1189888K
  class space    used 20137K, capacity 23981K, committed 24024K, reserved 1048576K
Event: 279.204 GC heap after
Heap after GC invocations=16 (full 5):
 PSYoungGen      total 1017856K, used 0K [0x000000076ab00000, 0x00000007c0000000, 0x00000007c0000000)
  eden space 637952K, 0% used [0x000000076ab00000,0x000000076ab00000,0x0000000791a00000)
  from space 379904K, 0% used [0x0000000791a00000,0x0000000791a00000,0x00000007a8d00000)
  to   space 378880K, 0% used [0x00000007a8e00000,0x00000007a8e00000,0x00000007c0000000)
 ParOldGen       total 2796544K, used 348969K [0x00000006c0000000, 0x000000076ab00000, 0x000000076ab00000)
  object space 2796544K, 12% used [0x00000006c0000000,0x00000006d54ca558,0x000000076ab00000)
 Metaspace       used 150437K, capacity 163508K, committed 163776K, reserved 1189888K
  class space    used 20120K, capacity 23950K, committed 24024K, reserved 1048576K
}
Event: 598.685 GC heap before
{Heap before GC invocations=17 (full 5):
 PSYoungGen      total 1017856K, used 637329K [0x000000076ab00000, 0x00000007c0000000, 0x00000007c0000000)
  eden space 637952K, 99% used [0x000000076ab00000,0x0000000791964678,0x0000000791a00000)
  from space 379904K, 0% used [0x0000000791a00000,0x0000000791a00000,0x00000007a8d00000)
  to   space 378880K, 0% used [0x00000007a8e00000,0x00000007a8e00000,0x00000007c0000000)
 ParOldGen       total 2796544K, used 348969K [0x00000006c0000000, 0x000000076ab00000, 0x000000076ab00000)
  object space 2796544K, 12% used [0x00000006c0000000,0x00000006d54ca558,0x000000076ab00000)
 Metaspace       used 176436K, capacity 189512K, committed 189888K, reserved 1214464K
  class space    used 21476K, capacity 25294K, committed 25304K, reserved 1048576K
Event: 599.910 GC heap after
Heap after GC invocations=17 (full 5):
 PSYoungGen      total 994304K, used 68542K [0x000000076ab00000, 0x00000007be900000, 0x00000007c0000000)
  eden space 638976K, 0% used [0x000000076ab00000,0x000000076ab00000,0x0000000791b00000)
  from space 355328K, 19% used [0x00000007a8e00000,0x00000007ad0efac0,0x00000007be900000)
  to   space 367616K, 0% used [0x0000000791b00000,0x0000000791b00000,0x00000007a8200000)
 ParOldGen       total 2796544K, used 348977K [0x00000006c0000000, 0x000000076ab00000, 0x000000076ab00000)
  object space 2796544K, 12% used [0x00000006c0000000,0x00000006d54cc558,0x000000076ab00000)
 Metaspace       used 176436K, capacity 189512K, committed 189888K, reserved 1214464K
  class space    used 21476K, capacity 25294K, committed 25304K, reserved 1048576K
}

